<testsuites id="" name="" tests="0" failures="0" skipped="0" errors="0" time="0.0017250000000000227">
</testsuites>